D:\Study\Angular 5\Angular5App\Angular5App\dist\out-tsc\app\app.component.js
D:\Study\Angular 5\Angular5App\Angular5App\dist\out-tsc\app\app.component.js.map
D:\Study\Angular 5\Angular5App\Angular5App\dist\out-tsc\app\app.module.js
D:\Study\Angular 5\Angular5App\Angular5App\dist\out-tsc\app\app.module.js.map
D:\Study\Angular 5\Angular5App\Angular5App\dist\out-tsc\app\app.server.module.js
D:\Study\Angular 5\Angular5App\Angular5App\dist\out-tsc\app\app.server.module.js.map
D:\Study\Angular 5\Angular5App\Angular5App\dist\out-tsc\boot.server.js
D:\Study\Angular 5\Angular5App\Angular5App\dist\out-tsc\boot.server.js.map
D:\Study\Angular 5\Angular5App\Angular5App\dist\out-tsc\main.server.js
D:\Study\Angular 5\Angular5App\Angular5App\dist\out-tsc\main.server.js.map
D:\Study\Angular 5\Angular5App\Angular5App\dist\out-tsc\environments\environment.js
D:\Study\Angular 5\Angular5App\Angular5App\dist\out-tsc\environments\environment.js.map
D:\Study\Angular 5\Angular5App\Angular5App\dist\out-tsc\main.js
D:\Study\Angular 5\Angular5App\Angular5App\dist\out-tsc\main.js.map
D:\Study\Angular 5\Angular5App\Angular5App\dist\out-tsc\polyfills.js
D:\Study\Angular 5\Angular5App\Angular5App\dist\out-tsc\polyfills.js.map
D:\Study\Angular 5\Angular5App\Angular5App\dist\out-tsc\server.js
D:\Study\Angular 5\Angular5App\Angular5App\dist\out-tsc\server.js.map
D:\Study\Angular 5\Angular5App\Angular5App\dist\out-tsc\test.js
D:\Study\Angular 5\Angular5App\Angular5App\dist\out-tsc\test.js.map
D:\Study\Angular 5\Angular5App\Angular5App\dist\out-tsc\environments\environment.prod.js
D:\Study\Angular 5\Angular5App\Angular5App\dist\out-tsc\environments\environment.prod.js.map
D:\Study\Angular 5\Angular5App\Angular5App\dist\out-tsc\app\app.component.spec.js
D:\Study\Angular 5\Angular5App\Angular5App\dist\out-tsc\app\app.component.spec.js.map
D:\Study\Angular 5\Angular5App\Angular5App\dist\out-tsc\app\app.component.js
D:\Study\Angular 5\Angular5App\Angular5App\dist\out-tsc\app\app.component.js.map
D:\Study\Angular 5\Angular5App\Angular5App\dist\out-tsc\app\app.module.js
D:\Study\Angular 5\Angular5App\Angular5App\dist\out-tsc\app\app.module.js.map
D:\Study\Angular 5\Angular5App\Angular5App\dist\out-tsc\app\app.server.module.js
D:\Study\Angular 5\Angular5App\Angular5App\dist\out-tsc\app\app.server.module.js.map
D:\Study\Angular 5\Angular5App\Angular5App\dist\out-tsc\boot.server.js
D:\Study\Angular 5\Angular5App\Angular5App\dist\out-tsc\boot.server.js.map
D:\Study\Angular 5\Angular5App\Angular5App\dist\out-tsc\main.server.js
D:\Study\Angular 5\Angular5App\Angular5App\dist\out-tsc\main.server.js.map
D:\Study\Angular 5\Angular5App\Angular5App\dist\out-tsc\environments\environment.js
D:\Study\Angular 5\Angular5App\Angular5App\dist\out-tsc\environments\environment.js.map
D:\Study\Angular 5\Angular5App\Angular5App\dist\out-tsc\main.js
D:\Study\Angular 5\Angular5App\Angular5App\dist\out-tsc\main.js.map
D:\Study\Angular 5\Angular5App\Angular5App\dist\out-tsc\polyfills.js
D:\Study\Angular 5\Angular5App\Angular5App\dist\out-tsc\polyfills.js.map
D:\Study\Angular 5\Angular5App\Angular5App\dist\out-tsc\server.js
D:\Study\Angular 5\Angular5App\Angular5App\dist\out-tsc\server.js.map
D:\Study\Angular 5\Angular5App\Angular5App\dist\out-tsc\test.js
D:\Study\Angular 5\Angular5App\Angular5App\dist\out-tsc\test.js.map
D:\Study\Angular 5\Angular5App\Angular5App\dist\out-tsc\environments\environment.prod.js
D:\Study\Angular 5\Angular5App\Angular5App\dist\out-tsc\environments\environment.prod.js.map
D:\Study\Angular 5\Angular5App\Angular5App\dist\out-tsc\app\app.component.spec.js
D:\Study\Angular 5\Angular5App\Angular5App\dist\out-tsc\app\app.component.spec.js.map
D:\Study\Angular 5\Angular5App\Angular5App\dist\out-tsc\app\app.component.js
D:\Study\Angular 5\Angular5App\Angular5App\dist\out-tsc\app\app.component.js.map
D:\Study\Angular 5\Angular5App\Angular5App\dist\out-tsc\app\app.module.js
D:\Study\Angular 5\Angular5App\Angular5App\dist\out-tsc\app\app.module.js.map
D:\Study\Angular 5\Angular5App\Angular5App\dist\out-tsc\app\app.server.module.js
D:\Study\Angular 5\Angular5App\Angular5App\dist\out-tsc\app\app.server.module.js.map
D:\Study\Angular 5\Angular5App\Angular5App\dist\out-tsc\boot.server.js
D:\Study\Angular 5\Angular5App\Angular5App\dist\out-tsc\boot.server.js.map
D:\Study\Angular 5\Angular5App\Angular5App\dist\out-tsc\main.server.js
D:\Study\Angular 5\Angular5App\Angular5App\dist\out-tsc\main.server.js.map
D:\Study\Angular 5\Angular5App\Angular5App\dist\out-tsc\environments\environment.js
D:\Study\Angular 5\Angular5App\Angular5App\dist\out-tsc\environments\environment.js.map
D:\Study\Angular 5\Angular5App\Angular5App\dist\out-tsc\main.js
D:\Study\Angular 5\Angular5App\Angular5App\dist\out-tsc\main.js.map
D:\Study\Angular 5\Angular5App\Angular5App\dist\out-tsc\polyfills.js
D:\Study\Angular 5\Angular5App\Angular5App\dist\out-tsc\polyfills.js.map
D:\Study\Angular 5\Angular5App\Angular5App\dist\out-tsc\server.js
D:\Study\Angular 5\Angular5App\Angular5App\dist\out-tsc\server.js.map
D:\Study\Angular 5\Angular5App\Angular5App\dist\out-tsc\test.js
D:\Study\Angular 5\Angular5App\Angular5App\dist\out-tsc\test.js.map
D:\Study\Angular 5\Angular5App\Angular5App\dist\out-tsc\environments\environment.prod.js
D:\Study\Angular 5\Angular5App\Angular5App\dist\out-tsc\environments\environment.prod.js.map
D:\Study\Angular 5\Angular5App\Angular5App\dist\out-tsc\app\app.component.spec.js
D:\Study\Angular 5\Angular5App\Angular5App\dist\out-tsc\app\app.component.spec.js.map
D:\Study\Angular 5\Angular5App\Angular5App\dist\out-tsc\app\app.component.js
D:\Study\Angular 5\Angular5App\Angular5App\dist\out-tsc\app\app.component.js.map
D:\Study\Angular 5\Angular5App\Angular5App\dist\out-tsc\app\app.module.js
D:\Study\Angular 5\Angular5App\Angular5App\dist\out-tsc\app\app.module.js.map
D:\Study\Angular 5\Angular5App\Angular5App\dist\out-tsc\app\app.server.module.js
D:\Study\Angular 5\Angular5App\Angular5App\dist\out-tsc\app\app.server.module.js.map
D:\Study\Angular 5\Angular5App\Angular5App\dist\out-tsc\boot.server.js
D:\Study\Angular 5\Angular5App\Angular5App\dist\out-tsc\boot.server.js.map
D:\Study\Angular 5\Angular5App\Angular5App\dist\out-tsc\main.server.js
D:\Study\Angular 5\Angular5App\Angular5App\dist\out-tsc\main.server.js.map
D:\Study\Angular 5\Angular5App\Angular5App\dist\out-tsc\environments\environment.js
D:\Study\Angular 5\Angular5App\Angular5App\dist\out-tsc\environments\environment.js.map
D:\Study\Angular 5\Angular5App\Angular5App\dist\out-tsc\main.js
D:\Study\Angular 5\Angular5App\Angular5App\dist\out-tsc\main.js.map
D:\Study\Angular 5\Angular5App\Angular5App\dist\out-tsc\polyfills.js
D:\Study\Angular 5\Angular5App\Angular5App\dist\out-tsc\polyfills.js.map
D:\Study\Angular 5\Angular5App\Angular5App\dist\out-tsc\server.js
D:\Study\Angular 5\Angular5App\Angular5App\dist\out-tsc\server.js.map
D:\Study\Angular 5\Angular5App\Angular5App\dist\out-tsc\test.js
D:\Study\Angular 5\Angular5App\Angular5App\dist\out-tsc\test.js.map
D:\Study\Angular 5\Angular5App\Angular5App\dist\out-tsc\environments\environment.prod.js
D:\Study\Angular 5\Angular5App\Angular5App\dist\out-tsc\environments\environment.prod.js.map
D:\Study\Angular 5\Angular5App\Angular5App\dist\out-tsc\app\app.component.spec.js
D:\Study\Angular 5\Angular5App\Angular5App\dist\out-tsc\app\app.component.spec.js.map
D:\Study\Angular 5\Angular5App\Angular5App\dist\out-tsc\app\app.component.js
D:\Study\Angular 5\Angular5App\Angular5App\dist\out-tsc\app\app.component.js.map
D:\Study\Angular 5\Angular5App\Angular5App\dist\out-tsc\app\app.module.js
D:\Study\Angular 5\Angular5App\Angular5App\dist\out-tsc\app\app.module.js.map
D:\Study\Angular 5\Angular5App\Angular5App\dist\out-tsc\app\app.server.module.js
D:\Study\Angular 5\Angular5App\Angular5App\dist\out-tsc\app\app.server.module.js.map
D:\Study\Angular 5\Angular5App\Angular5App\dist\out-tsc\boot.server.js
D:\Study\Angular 5\Angular5App\Angular5App\dist\out-tsc\boot.server.js.map
D:\Study\Angular 5\Angular5App\Angular5App\dist\out-tsc\main.server.js
D:\Study\Angular 5\Angular5App\Angular5App\dist\out-tsc\main.server.js.map
D:\Study\Angular 5\Angular5App\Angular5App\dist\out-tsc\environments\environment.js
D:\Study\Angular 5\Angular5App\Angular5App\dist\out-tsc\environments\environment.js.map
D:\Study\Angular 5\Angular5App\Angular5App\dist\out-tsc\main.js
D:\Study\Angular 5\Angular5App\Angular5App\dist\out-tsc\main.js.map
D:\Study\Angular 5\Angular5App\Angular5App\dist\out-tsc\polyfills.js
D:\Study\Angular 5\Angular5App\Angular5App\dist\out-tsc\polyfills.js.map
D:\Study\Angular 5\Angular5App\Angular5App\dist\out-tsc\server.js
D:\Study\Angular 5\Angular5App\Angular5App\dist\out-tsc\server.js.map
D:\Study\Angular 5\Angular5App\Angular5App\dist\out-tsc\test.js
D:\Study\Angular 5\Angular5App\Angular5App\dist\out-tsc\test.js.map
D:\Study\Angular 5\Angular5App\Angular5App\dist\out-tsc\environments\environment.prod.js
D:\Study\Angular 5\Angular5App\Angular5App\dist\out-tsc\environments\environment.prod.js.map
D:\Study\Angular 5\Angular5App\Angular5App\dist\out-tsc\app\app.component.spec.js
D:\Study\Angular 5\Angular5App\Angular5App\dist\out-tsc\app\app.component.spec.js.map
D:\Study\Angular 5\Angular5App\Angular5App\dist\out-tsc\app\app.component.js
D:\Study\Angular 5\Angular5App\Angular5App\dist\out-tsc\app\app.component.js.map
D:\Study\Angular 5\Angular5App\Angular5App\dist\out-tsc\app\app.module.js
D:\Study\Angular 5\Angular5App\Angular5App\dist\out-tsc\app\app.module.js.map
D:\Study\Angular 5\Angular5App\Angular5App\dist\out-tsc\app\app.server.module.js
D:\Study\Angular 5\Angular5App\Angular5App\dist\out-tsc\app\app.server.module.js.map
D:\Study\Angular 5\Angular5App\Angular5App\dist\out-tsc\boot.server.js
D:\Study\Angular 5\Angular5App\Angular5App\dist\out-tsc\boot.server.js.map
D:\Study\Angular 5\Angular5App\Angular5App\dist\out-tsc\main.server.js
D:\Study\Angular 5\Angular5App\Angular5App\dist\out-tsc\main.server.js.map
D:\Study\Angular 5\Angular5App\Angular5App\dist\out-tsc\environments\environment.js
D:\Study\Angular 5\Angular5App\Angular5App\dist\out-tsc\environments\environment.js.map
D:\Study\Angular 5\Angular5App\Angular5App\dist\out-tsc\main.js
D:\Study\Angular 5\Angular5App\Angular5App\dist\out-tsc\main.js.map
D:\Study\Angular 5\Angular5App\Angular5App\dist\out-tsc\polyfills.js
D:\Study\Angular 5\Angular5App\Angular5App\dist\out-tsc\polyfills.js.map
D:\Study\Angular 5\Angular5App\Angular5App\dist\out-tsc\server.js
D:\Study\Angular 5\Angular5App\Angular5App\dist\out-tsc\server.js.map
D:\Study\Angular 5\Angular5App\Angular5App\dist\out-tsc\test.js
D:\Study\Angular 5\Angular5App\Angular5App\dist\out-tsc\test.js.map
D:\Study\Angular 5\Angular5App\Angular5App\dist\out-tsc\environments\environment.prod.js
D:\Study\Angular 5\Angular5App\Angular5App\dist\out-tsc\environments\environment.prod.js.map
D:\Study\Angular 5\Angular5App\Angular5App\dist\out-tsc\app\app.component.spec.js
D:\Study\Angular 5\Angular5App\Angular5App\dist\out-tsc\app\app.component.spec.js.map
D:\Study\Angular 5\Angular5App\Angular5App\dist\out-tsc\app\app.component.js
D:\Study\Angular 5\Angular5App\Angular5App\dist\out-tsc\app\app.component.js.map
D:\Study\Angular 5\Angular5App\Angular5App\dist\out-tsc\app\app.module.js
D:\Study\Angular 5\Angular5App\Angular5App\dist\out-tsc\app\app.module.js.map
D:\Study\Angular 5\Angular5App\Angular5App\dist\out-tsc\app\app.server.module.js
D:\Study\Angular 5\Angular5App\Angular5App\dist\out-tsc\app\app.server.module.js.map
D:\Study\Angular 5\Angular5App\Angular5App\dist\out-tsc\boot.server.js
D:\Study\Angular 5\Angular5App\Angular5App\dist\out-tsc\boot.server.js.map
D:\Study\Angular 5\Angular5App\Angular5App\dist\out-tsc\main.server.js
D:\Study\Angular 5\Angular5App\Angular5App\dist\out-tsc\main.server.js.map
D:\Study\Angular 5\Angular5App\Angular5App\dist\out-tsc\environments\environment.js
D:\Study\Angular 5\Angular5App\Angular5App\dist\out-tsc\environments\environment.js.map
D:\Study\Angular 5\Angular5App\Angular5App\dist\out-tsc\main.js
D:\Study\Angular 5\Angular5App\Angular5App\dist\out-tsc\main.js.map
D:\Study\Angular 5\Angular5App\Angular5App\dist\out-tsc\polyfills.js
D:\Study\Angular 5\Angular5App\Angular5App\dist\out-tsc\polyfills.js.map
D:\Study\Angular 5\Angular5App\Angular5App\dist\out-tsc\server.js
D:\Study\Angular 5\Angular5App\Angular5App\dist\out-tsc\server.js.map
D:\Study\Angular 5\Angular5App\Angular5App\dist\out-tsc\test.js
D:\Study\Angular 5\Angular5App\Angular5App\dist\out-tsc\test.js.map
D:\Study\Angular 5\Angular5App\Angular5App\dist\out-tsc\environments\environment.prod.js
D:\Study\Angular 5\Angular5App\Angular5App\dist\out-tsc\environments\environment.prod.js.map
D:\Study\Angular 5\Angular5App\Angular5App\dist\out-tsc\app\app.component.spec.js
D:\Study\Angular 5\Angular5App\Angular5App\dist\out-tsc\app\app.component.spec.js.map
D:\Study\Angular 5\Angular5App\Angular5App\dist\out-tsc\app\app.component.js
D:\Study\Angular 5\Angular5App\Angular5App\dist\out-tsc\app\app.component.js.map
D:\Study\Angular 5\Angular5App\Angular5App\dist\out-tsc\app\app.module.js
D:\Study\Angular 5\Angular5App\Angular5App\dist\out-tsc\app\app.module.js.map
D:\Study\Angular 5\Angular5App\Angular5App\dist\out-tsc\app\app.server.module.js
D:\Study\Angular 5\Angular5App\Angular5App\dist\out-tsc\app\app.server.module.js.map
D:\Study\Angular 5\Angular5App\Angular5App\dist\out-tsc\boot.server.js
D:\Study\Angular 5\Angular5App\Angular5App\dist\out-tsc\boot.server.js.map
D:\Study\Angular 5\Angular5App\Angular5App\dist\out-tsc\main.server.js
D:\Study\Angular 5\Angular5App\Angular5App\dist\out-tsc\main.server.js.map
D:\Study\Angular 5\Angular5App\Angular5App\dist\out-tsc\environments\environment.js
D:\Study\Angular 5\Angular5App\Angular5App\dist\out-tsc\environments\environment.js.map
D:\Study\Angular 5\Angular5App\Angular5App\dist\out-tsc\main.js
D:\Study\Angular 5\Angular5App\Angular5App\dist\out-tsc\main.js.map
D:\Study\Angular 5\Angular5App\Angular5App\dist\out-tsc\polyfills.js
D:\Study\Angular 5\Angular5App\Angular5App\dist\out-tsc\polyfills.js.map
D:\Study\Angular 5\Angular5App\Angular5App\dist\out-tsc\server.js
D:\Study\Angular 5\Angular5App\Angular5App\dist\out-tsc\server.js.map
D:\Study\Angular 5\Angular5App\Angular5App\dist\out-tsc\test.js
D:\Study\Angular 5\Angular5App\Angular5App\dist\out-tsc\test.js.map
D:\Study\Angular 5\Angular5App\Angular5App\dist\out-tsc\environments\environment.prod.js
D:\Study\Angular 5\Angular5App\Angular5App\dist\out-tsc\environments\environment.prod.js.map
D:\Study\Angular 5\Angular5App\Angular5App\dist\out-tsc\app\app.component.spec.js
D:\Study\Angular 5\Angular5App\Angular5App\dist\out-tsc\app\app.component.spec.js.map
D:\Study\Angular 5\Angular5App\Angular5App\dist\out-tsc\app\app.component.js
D:\Study\Angular 5\Angular5App\Angular5App\dist\out-tsc\app\app.component.js.map
D:\Study\Angular 5\Angular5App\Angular5App\dist\out-tsc\app\app.module.js
D:\Study\Angular 5\Angular5App\Angular5App\dist\out-tsc\app\app.module.js.map
D:\Study\Angular 5\Angular5App\Angular5App\dist\out-tsc\app\app.server.module.js
D:\Study\Angular 5\Angular5App\Angular5App\dist\out-tsc\app\app.server.module.js.map
D:\Study\Angular 5\Angular5App\Angular5App\dist\out-tsc\boot.server.js
D:\Study\Angular 5\Angular5App\Angular5App\dist\out-tsc\boot.server.js.map
D:\Study\Angular 5\Angular5App\Angular5App\dist\out-tsc\main.server.js
D:\Study\Angular 5\Angular5App\Angular5App\dist\out-tsc\main.server.js.map
D:\Study\Angular 5\Angular5App\Angular5App\dist\out-tsc\environments\environment.js
D:\Study\Angular 5\Angular5App\Angular5App\dist\out-tsc\environments\environment.js.map
D:\Study\Angular 5\Angular5App\Angular5App\dist\out-tsc\main.js
D:\Study\Angular 5\Angular5App\Angular5App\dist\out-tsc\main.js.map
D:\Study\Angular 5\Angular5App\Angular5App\dist\out-tsc\polyfills.js
D:\Study\Angular 5\Angular5App\Angular5App\dist\out-tsc\polyfills.js.map
D:\Study\Angular 5\Angular5App\Angular5App\dist\out-tsc\server.js
D:\Study\Angular 5\Angular5App\Angular5App\dist\out-tsc\server.js.map
D:\Study\Angular 5\Angular5App\Angular5App\dist\out-tsc\test.js
D:\Study\Angular 5\Angular5App\Angular5App\dist\out-tsc\test.js.map
D:\Study\Angular 5\Angular5App\Angular5App\dist\out-tsc\environments\environment.prod.js
D:\Study\Angular 5\Angular5App\Angular5App\dist\out-tsc\environments\environment.prod.js.map
D:\Study\Angular 5\Angular5App\Angular5App\dist\out-tsc\app\app.component.spec.js
D:\Study\Angular 5\Angular5App\Angular5App\dist\out-tsc\app\app.component.spec.js.map
D:\Study\Angular 5\Angular5App\Angular5App\dist\out-tsc\app\app.component.js
D:\Study\Angular 5\Angular5App\Angular5App\dist\out-tsc\app\app.component.js.map
D:\Study\Angular 5\Angular5App\Angular5App\dist\out-tsc\app\app.module.js
D:\Study\Angular 5\Angular5App\Angular5App\dist\out-tsc\app\app.module.js.map
D:\Study\Angular 5\Angular5App\Angular5App\dist\out-tsc\app\app.server.module.js
D:\Study\Angular 5\Angular5App\Angular5App\dist\out-tsc\app\app.server.module.js.map
D:\Study\Angular 5\Angular5App\Angular5App\dist\out-tsc\boot.server.js
D:\Study\Angular 5\Angular5App\Angular5App\dist\out-tsc\boot.server.js.map
D:\Study\Angular 5\Angular5App\Angular5App\dist\out-tsc\main.server.js
D:\Study\Angular 5\Angular5App\Angular5App\dist\out-tsc\main.server.js.map
D:\Study\Angular 5\Angular5App\Angular5App\dist\out-tsc\environments\environment.js
D:\Study\Angular 5\Angular5App\Angular5App\dist\out-tsc\environments\environment.js.map
D:\Study\Angular 5\Angular5App\Angular5App\dist\out-tsc\main.js
D:\Study\Angular 5\Angular5App\Angular5App\dist\out-tsc\main.js.map
D:\Study\Angular 5\Angular5App\Angular5App\dist\out-tsc\polyfills.js
D:\Study\Angular 5\Angular5App\Angular5App\dist\out-tsc\polyfills.js.map
D:\Study\Angular 5\Angular5App\Angular5App\dist\out-tsc\server.js
D:\Study\Angular 5\Angular5App\Angular5App\dist\out-tsc\server.js.map
D:\Study\Angular 5\Angular5App\Angular5App\dist\out-tsc\test.js
D:\Study\Angular 5\Angular5App\Angular5App\dist\out-tsc\test.js.map
D:\Study\Angular 5\Angular5App\Angular5App\dist\out-tsc\environments\environment.prod.js
D:\Study\Angular 5\Angular5App\Angular5App\dist\out-tsc\environments\environment.prod.js.map
D:\Study\Angular 5\Angular5App\Angular5App\dist\out-tsc\app\app.component.spec.js
D:\Study\Angular 5\Angular5App\Angular5App\dist\out-tsc\app\app.component.spec.js.map
D:\Study\Angular 5\Angular5App\Angular5App\dist\out-tsc\app\app.component.js
D:\Study\Angular 5\Angular5App\Angular5App\dist\out-tsc\app\app.component.js.map
D:\Study\Angular 5\Angular5App\Angular5App\dist\out-tsc\app\app.module.js
D:\Study\Angular 5\Angular5App\Angular5App\dist\out-tsc\app\app.module.js.map
D:\Study\Angular 5\Angular5App\Angular5App\dist\out-tsc\app\app.server.module.js
D:\Study\Angular 5\Angular5App\Angular5App\dist\out-tsc\app\app.server.module.js.map
D:\Study\Angular 5\Angular5App\Angular5App\dist\out-tsc\boot.server.js
D:\Study\Angular 5\Angular5App\Angular5App\dist\out-tsc\boot.server.js.map
D:\Study\Angular 5\Angular5App\Angular5App\dist\out-tsc\main.server.js
D:\Study\Angular 5\Angular5App\Angular5App\dist\out-tsc\main.server.js.map
D:\Study\Angular 5\Angular5App\Angular5App\dist\out-tsc\environments\environment.js
D:\Study\Angular 5\Angular5App\Angular5App\dist\out-tsc\environments\environment.js.map
D:\Study\Angular 5\Angular5App\Angular5App\dist\out-tsc\main.js
D:\Study\Angular 5\Angular5App\Angular5App\dist\out-tsc\main.js.map
D:\Study\Angular 5\Angular5App\Angular5App\dist\out-tsc\polyfills.js
D:\Study\Angular 5\Angular5App\Angular5App\dist\out-tsc\polyfills.js.map
D:\Study\Angular 5\Angular5App\Angular5App\dist\out-tsc\server.js
D:\Study\Angular 5\Angular5App\Angular5App\dist\out-tsc\server.js.map
D:\Study\Angular 5\Angular5App\Angular5App\dist\out-tsc\test.js
D:\Study\Angular 5\Angular5App\Angular5App\dist\out-tsc\test.js.map
D:\Study\Angular 5\Angular5App\Angular5App\dist\out-tsc\environments\environment.prod.js
D:\Study\Angular 5\Angular5App\Angular5App\dist\out-tsc\environments\environment.prod.js.map
D:\Study\Angular 5\Angular5App\Angular5App\dist\out-tsc\app\app.component.spec.js
D:\Study\Angular 5\Angular5App\Angular5App\dist\out-tsc\app\app.component.spec.js.map
D:\Study\Angular 5\Angular5App\Angular5App\dist\out-tsc\app\app.component.js
D:\Study\Angular 5\Angular5App\Angular5App\dist\out-tsc\app\app.component.js.map
D:\Study\Angular 5\Angular5App\Angular5App\dist\out-tsc\app\app.module.js
D:\Study\Angular 5\Angular5App\Angular5App\dist\out-tsc\app\app.module.js.map
D:\Study\Angular 5\Angular5App\Angular5App\dist\out-tsc\app\app.server.module.js
D:\Study\Angular 5\Angular5App\Angular5App\dist\out-tsc\app\app.server.module.js.map
D:\Study\Angular 5\Angular5App\Angular5App\dist\out-tsc\boot.server.js
D:\Study\Angular 5\Angular5App\Angular5App\dist\out-tsc\boot.server.js.map
D:\Study\Angular 5\Angular5App\Angular5App\dist\out-tsc\main.server.js
D:\Study\Angular 5\Angular5App\Angular5App\dist\out-tsc\main.server.js.map
D:\Study\Angular 5\Angular5App\Angular5App\dist\out-tsc\environments\environment.js
D:\Study\Angular 5\Angular5App\Angular5App\dist\out-tsc\environments\environment.js.map
D:\Study\Angular 5\Angular5App\Angular5App\dist\out-tsc\main.js
D:\Study\Angular 5\Angular5App\Angular5App\dist\out-tsc\main.js.map
D:\Study\Angular 5\Angular5App\Angular5App\dist\out-tsc\polyfills.js
D:\Study\Angular 5\Angular5App\Angular5App\dist\out-tsc\polyfills.js.map
D:\Study\Angular 5\Angular5App\Angular5App\dist\out-tsc\server.js
D:\Study\Angular 5\Angular5App\Angular5App\dist\out-tsc\server.js.map
D:\Study\Angular 5\Angular5App\Angular5App\dist\out-tsc\test.js
D:\Study\Angular 5\Angular5App\Angular5App\dist\out-tsc\test.js.map
D:\Study\Angular 5\Angular5App\Angular5App\dist\out-tsc\environments\environment.prod.js
D:\Study\Angular 5\Angular5App\Angular5App\dist\out-tsc\environments\environment.prod.js.map
D:\Study\Angular 5\Angular5App\Angular5App\dist\out-tsc\app\app.component.spec.js
D:\Study\Angular 5\Angular5App\Angular5App\dist\out-tsc\app\app.component.spec.js.map
D:\Study\Angular 5\Angular5App\Angular5App\dist\out-tsc\app\app.component.js
D:\Study\Angular 5\Angular5App\Angular5App\dist\out-tsc\app\app.component.js.map
D:\Study\Angular 5\Angular5App\Angular5App\dist\out-tsc\app\app.module.js
D:\Study\Angular 5\Angular5App\Angular5App\dist\out-tsc\app\app.module.js.map
D:\Study\Angular 5\Angular5App\Angular5App\dist\out-tsc\app\app.server.module.js
D:\Study\Angular 5\Angular5App\Angular5App\dist\out-tsc\app\app.server.module.js.map
D:\Study\Angular 5\Angular5App\Angular5App\dist\out-tsc\boot.server.js
D:\Study\Angular 5\Angular5App\Angular5App\dist\out-tsc\boot.server.js.map
D:\Study\Angular 5\Angular5App\Angular5App\dist\out-tsc\main.server.js
D:\Study\Angular 5\Angular5App\Angular5App\dist\out-tsc\main.server.js.map
D:\Study\Angular 5\Angular5App\Angular5App\dist\out-tsc\environments\environment.js
D:\Study\Angular 5\Angular5App\Angular5App\dist\out-tsc\environments\environment.js.map
D:\Study\Angular 5\Angular5App\Angular5App\dist\out-tsc\main.js
D:\Study\Angular 5\Angular5App\Angular5App\dist\out-tsc\main.js.map
D:\Study\Angular 5\Angular5App\Angular5App\dist\out-tsc\polyfills.js
D:\Study\Angular 5\Angular5App\Angular5App\dist\out-tsc\polyfills.js.map
D:\Study\Angular 5\Angular5App\Angular5App\dist\out-tsc\server.js
D:\Study\Angular 5\Angular5App\Angular5App\dist\out-tsc\server.js.map
D:\Study\Angular 5\Angular5App\Angular5App\dist\out-tsc\test.js
D:\Study\Angular 5\Angular5App\Angular5App\dist\out-tsc\test.js.map
D:\Study\Angular 5\Angular5App\Angular5App\dist\out-tsc\environments\environment.prod.js
D:\Study\Angular 5\Angular5App\Angular5App\dist\out-tsc\environments\environment.prod.js.map
D:\Study\Angular 5\Angular5App\Angular5App\dist\out-tsc\app\app.component.spec.js
D:\Study\Angular 5\Angular5App\Angular5App\dist\out-tsc\app\app.component.spec.js.map
D:\Study\Angular 5\Angular5App\Angular5App\dist\out-tsc\app\app.component.js
D:\Study\Angular 5\Angular5App\Angular5App\dist\out-tsc\app\app.component.js.map
D:\Study\Angular 5\Angular5App\Angular5App\dist\out-tsc\app\app.module.js
D:\Study\Angular 5\Angular5App\Angular5App\dist\out-tsc\app\app.module.js.map
D:\Study\Angular 5\Angular5App\Angular5App\dist\out-tsc\app\app.server.module.js
D:\Study\Angular 5\Angular5App\Angular5App\dist\out-tsc\app\app.server.module.js.map
D:\Study\Angular 5\Angular5App\Angular5App\dist\out-tsc\boot.server.js
D:\Study\Angular 5\Angular5App\Angular5App\dist\out-tsc\boot.server.js.map
D:\Study\Angular 5\Angular5App\Angular5App\dist\out-tsc\main.server.js
D:\Study\Angular 5\Angular5App\Angular5App\dist\out-tsc\main.server.js.map
D:\Study\Angular 5\Angular5App\Angular5App\dist\out-tsc\environments\environment.js
D:\Study\Angular 5\Angular5App\Angular5App\dist\out-tsc\environments\environment.js.map
D:\Study\Angular 5\Angular5App\Angular5App\dist\out-tsc\main.js
D:\Study\Angular 5\Angular5App\Angular5App\dist\out-tsc\main.js.map
D:\Study\Angular 5\Angular5App\Angular5App\dist\out-tsc\polyfills.js
D:\Study\Angular 5\Angular5App\Angular5App\dist\out-tsc\polyfills.js.map
D:\Study\Angular 5\Angular5App\Angular5App\dist\out-tsc\server.js
D:\Study\Angular 5\Angular5App\Angular5App\dist\out-tsc\server.js.map
D:\Study\Angular 5\Angular5App\Angular5App\dist\out-tsc\test.js
D:\Study\Angular 5\Angular5App\Angular5App\dist\out-tsc\test.js.map
D:\Study\Angular 5\Angular5App\Angular5App\dist\out-tsc\environments\environment.prod.js
D:\Study\Angular 5\Angular5App\Angular5App\dist\out-tsc\environments\environment.prod.js.map
D:\Study\Angular 5\Angular5App\Angular5App\dist\out-tsc\app\app.component.spec.js
D:\Study\Angular 5\Angular5App\Angular5App\dist\out-tsc\app\app.component.spec.js.map
